Running: /opt/Xilinx/14.7/ISE_DS/ISE/bin/lin64/unwrapped/fuse -relaunch -intstyle "ise" -incremental -lib "secureip" -o "/home/beast/workspace/Organosi/OrganosiProject/forward_test_isim_beh.exe" -prj "/home/beast/workspace/Organosi/OrganosiProject/forward_test_beh.prj" "work.forward_test" 
ISim P.20131013 (signature 0xfbc00daa)
Number of CPUs detected in this system: 4
Turning on mult-threading, number of parallel sub-compilation jobs: 8 
Determining compilation order of HDL files
Parsing VHDL file "/home/beast/workspace/Organosi/OrganosiProject/Forward.vhd" into library work
Parsing VHDL file "/home/beast/workspace/Organosi/OrganosiProject/forward_test.vhd" into library work
Starting static elaboration
Completed static elaboration
Fuse Memory Usage: 83312 KB
Fuse CPU Usage: 1930 ms
Compiling package standard
Compiling package std_logic_1164
Compiling architecture behavioral of entity Forward [forward_default]
Compiling architecture behavior of entity forward_test
Time Resolution for simulation is 1ps.
Waiting for 1 sub-compilation(s) to finish...
Compiled 5 VHDL Units
Built simulation executable /home/beast/workspace/Organosi/OrganosiProject/forward_test_isim_beh.exe
Fuse Memory Usage: 649060 KB
Fuse CPU Usage: 1960 ms
GCC CPU Usage: 250 ms
